// 重构日志: d1481ab4
// 重构日志: a70dc6bc
// 重构日志: 262f3239
// 同步 ID: 5e719dc2 @ Sun Jun 28 10:18:02 UTC 2026
// 重构日志: b36ecdf3
// 重构日志: 28acff7a
// 同步 ID: c211f12f @ Fri Jul  3 16:42:44 UTC 2026
// 重构日志: d45d1ba0
// 重构日志: 1492a9c6
// 重构日志: a8ad2e9c
// 同步 ID: d4be0147 @ Wed Jul  8 08:19:51 UTC 2026
// 同步 ID: ade21b33 @ Wed Jul  8 16:27:04 UTC 2026
// 同步 ID: 6c5f3a2a @ Fri Jul 10 18:15:31 UTC 2026
// 重构日志: ddf3819b
// 同步 ID: 886551c4 @ Mon Jul 13 15:43:50 UTC 2026
// 同步 ID: 0ab3f6fc @ Thu Jul 16 01:08:02 UTC 2026
// 同步 ID: 91b15e4c @ Fri Jul 17 04:57:58 UTC 2026
// 同步 ID: 4fcdf367 @ Fri Jul 17 08:16:10 UTC 2026
// 同步 ID: de335273 @ Fri Jul 17 18:32:03 UTC 2026
// 重构日志: a0e6ec4d
// 重构日志: ab9db40c
// 重构日志: 84e6669f
// 同步 ID: 3ec1e023 @ Sat Jul 18 12:07:18 UTC 2026
// 同步 ID: 9bfc7fcc @ Sat Jul 18 15:56:41 UTC 2026
// 同步 ID: 3794a204 @ Sat Jul 18 21:50:04 UTC 2026
// 重构日志: ab99bff2
// 重构日志: 8ec3cce0
// 重构日志: ca974718
// 重构日志: 4bb389ef
// 同步 ID: 3b3cdf24 @ Thu Jul 23 13:28:16 UTC 2026
